1406 18:04:37 llvm_autotuning.experiment] Wrote /home/dx4/tools/compiler2/results/nevergrad-perf/2022-04-06/18-14-37/nevergrad-perf-C0/config.json
1406 18:04:37 compiler_gym.util.executor] Submitting job 1 to local ...
1406 18:04:37 compiler_gym.util.executor] Submitting job 2 to local ...
1406 18:04:37 compiler_gym.util.executor] Submitting job 3 to local ...
1406 18:04:37 compiler_gym.util.executor] Submitting job 4 to local ...
1406 18:04:37 compiler_gym.util.executor] Submitting job 5 to local ...
1406 18:04:37 compiler_gym.util.executor] Submitting job 6 to local ...
1406 18:04:37 compiler_gym.util.executor] Submitting job 7 to local ...
1406 18:04:37 compiler_gym.util.executor] Submitting job 8 to local ...
1406 18:04:37 compiler_gym.util.executor] Submitting job 9 to local ...
1406 18:04:37 compiler_gym.util.executor] Submitting job 10 to local ...
1406 18:04:37 compiler_gym.util.executor] Submitting job 11 to local ...
1406 18:04:37 compiler_gym.util.executor] Submitting job 12 to local ...
1406 18:04:37 compiler_gym.util.executor] Submitting job 13 to local ...
1406 18:04:37 compiler_gym.util.executor] Submitting job 14 to local ...
1406 18:04:37 compiler_gym.util.executor] Submitting job 15 to local ...
1406 18:04:37 compiler_gym.util.executor] Submitting job 16 to local ...
1406 18:04:37 compiler_gym.util.executor] Submitting job 17 to local ...
1406 18:04:37 compiler_gym.util.executor] Submitting job 18 to local ...
1406 18:04:37 compiler_gym.util.executor] Submitting job 19 to local ...
1406 18:04:37 compiler_gym.util.executor] Submitting job 20 to local ...
1406 18:04:37 compiler_gym.util.executor] Submitting job 21 to local ...
1406 18:04:37 compiler_gym.util.executor] Submitting job 22 to local ...
1406 18:04:37 compiler_gym.util.executor] Submitting job 23 to local ...
1406 18:04:37 compiler_gym.util.executor] Submitting job 24 to local ...
1406 18:04:37 compiler_gym.util.executor] Submitting job 25 to local ...
1406 18:04:37 compiler_gym.util.executor] Submitting job 26 to local ...
1406 18:04:37 compiler_gym.util.executor] Submitting job 27 to local ...
1406 18:04:37 compiler_gym.util.executor] Submitting job 28 to local ...
1406 18:04:37 compiler_gym.util.executor] Submitting job 29 to local ...
1406 18:04:37 compiler_gym.util.executor] Submitting job 30 to local ...
1406 18:04:37 compiler_gym.util.executor] Submitting job 31 to local ...
1406 18:04:37 compiler_gym.util.executor] Submitting job 32 to local ...
1406 18:04:37 compiler_gym.util.executor] Submitting job 33 to local ...
1406 18:04:37 compiler_gym.util.executor] Submitting job 34 to local ...
1406 18:04:37 compiler_gym.util.executor] Submitting job 35 to local ...
1406 18:04:37 compiler_gym.util.executor] Submitting job 36 to local ...
1406 18:04:37 compiler_gym.util.executor] Submitting job 37 to local ...
1406 18:04:37 compiler_gym.util.executor] Submitting job 38 to local ...
1406 18:04:37 compiler_gym.util.executor] Submitting job 39 to local ...
1406 18:04:37 compiler_gym.util.executor] Submitting job 40 to local ...
1406 18:04:37 compiler_gym.util.executor] Waiting for 40 local jobs to complete with job IDs: 1, 2, 3, 4, 5, 6, 7, 8 ...
1406 18:04:40 llvm_autotuning.experiment] Autotuner failed on benchmark benchmark://hpctoolkit-cpu-v0/simple_pow: Reward space not found: perf
1406 18:04:40 llvm_autotuning.experiment] Autotuner failed on benchmark benchmark://hpctoolkit-cpu-v0/simple_pow: Reward space not found: perf
1406 18:04:40 llvm_autotuning.experiment] Autotuner failed on benchmark benchmark://hpctoolkit-cpu-v0/simple_pow: Reward space not found: perf
1406 18:04:40 llvm_autotuning.experiment] Autotuner failed on benchmark benchmark://hpctoolkit-cpu-v0/simple_pow: Reward space not found: perf
1406 18:04:40 llvm_autotuning.experiment] Autotuner failed on benchmark benchmark://hpctoolkit-cpu-v0/simple_pow: Reward space not found: perf
1406 18:04:40 llvm_autotuning.experiment] Autotuner failed on benchmark benchmark://hpctoolkit-cpu-v0/simple_pow: Reward space not found: perf
1406 18:04:40 llvm_autotuning.experiment] Autotuner failed on benchmark benchmark://hpctoolkit-cpu-v0/simple_pow: Reward space not found: perf
1406 18:04:40 llvm_autotuning.experiment] Autotuner failed on benchmark benchmark://hpctoolkit-cpu-v0/simple_pow: Reward space not found: perf
1406 18:04:40 llvm_autotuning.experiment] Autotuner failed on benchmark benchmark://hpctoolkit-cpu-v0/simple_pow: Reward space not found: perf
1406 18:04:40 llvm_autotuning.experiment] Autotuner failed on benchmark benchmark://hpctoolkit-cpu-v0/simple_pow: Reward space not found: perf
1406 18:04:41 llvm_autotuning.experiment] Autotuner failed on benchmark benchmark://hpctoolkit-cpu-v0/nanosleep: Reward space not found: perf
1406 18:04:41 llvm_autotuning.experiment] Autotuner failed on benchmark benchmark://hpctoolkit-cpu-v0/nanosleep: Reward space not found: perf
1406 18:04:41 llvm_autotuning.experiment] Autotuner failed on benchmark benchmark://hpctoolkit-cpu-v0/nanosleep: Reward space not found: perf
1406 18:04:41 llvm_autotuning.experiment] Autotuner failed on benchmark benchmark://hpctoolkit-cpu-v0/nanosleep: Reward space not found: perf
1406 18:04:41 llvm_autotuning.experiment] Autotuner failed on benchmark benchmark://hpctoolkit-cpu-v0/nanosleep: Reward space not found: perf
1406 18:04:41 llvm_autotuning.experiment] Autotuner failed on benchmark benchmark://hpctoolkit-cpu-v0/nanosleep: Reward space not found: perf
1406 18:04:41 llvm_autotuning.experiment] Autotuner failed on benchmark benchmark://hpctoolkit-cpu-v0/nanosleep: Reward space not found: perf
1406 18:04:41 llvm_autotuning.experiment] Autotuner failed on benchmark benchmark://hpctoolkit-cpu-v0/nanosleep: Reward space not found: perf
1406 18:04:41 llvm_autotuning.experiment] Autotuner failed on benchmark benchmark://hpctoolkit-cpu-v0/nanosleep: Reward space not found: perf
1406 18:04:41 llvm_autotuning.experiment] Autotuner failed on benchmark benchmark://hpctoolkit-cpu-v0/nanosleep: Reward space not found: perf
1406 18:04:43 llvm_autotuning.experiment] Autotuner failed on benchmark benchmark://hpctoolkit-cpu-v0/offsets1: Reward space not found: perf
1406 18:04:43 llvm_autotuning.experiment] Autotuner failed on benchmark benchmark://hpctoolkit-cpu-v0/offsets1: Reward space not found: perf
1406 18:04:43 llvm_autotuning.experiment] Autotuner failed on benchmark benchmark://hpctoolkit-cpu-v0/offsets1: Reward space not found: perf
1406 18:04:43 llvm_autotuning.experiment] Autotuner failed on benchmark benchmark://hpctoolkit-cpu-v0/offsets1: Reward space not found: perf
1406 18:04:43 llvm_autotuning.experiment] Autotuner failed on benchmark benchmark://hpctoolkit-cpu-v0/offsets1: Reward space not found: perf
1406 18:04:43 llvm_autotuning.experiment] Autotuner failed on benchmark benchmark://hpctoolkit-cpu-v0/offsets1: Reward space not found: perf
1406 18:04:43 llvm_autotuning.experiment] Autotuner failed on benchmark benchmark://hpctoolkit-cpu-v0/offsets1: Reward space not found: perf
1406 18:04:43 llvm_autotuning.experiment] Autotuner failed on benchmark benchmark://hpctoolkit-cpu-v0/offsets1: Reward space not found: perf
1406 18:04:43 llvm_autotuning.experiment] Autotuner failed on benchmark benchmark://hpctoolkit-cpu-v0/offsets1: Reward space not found: perf
1406 18:04:43 llvm_autotuning.experiment] Autotuner failed on benchmark benchmark://hpctoolkit-cpu-v0/offsets1: Reward space not found: perf
1406 18:04:48 llvm_autotuning.experiment] Autotuner failed on benchmark benchmark://hpctoolkit-cpu-v0/conv2d: Reward space not found: perf
1406 18:04:48 compiler_gym.util.executor] Jobs completed = 1 of 40 ...
1406 18:04:48 compiler_gym.util.executor] Jobs completed = 2 of 40 ...
1406 18:04:48 compiler_gym.util.executor] Jobs completed = 3 of 40 ...
1406 18:04:48 compiler_gym.util.executor] Jobs completed = 4 of 40 ...
1406 18:04:48 llvm_autotuning.experiment] Autotuner failed on benchmark benchmark://hpctoolkit-cpu-v0/conv2d: Reward space not found: perf
1406 18:04:48 llvm_autotuning.experiment] Autotuner failed on benchmark benchmark://hpctoolkit-cpu-v0/conv2d: Reward space not found: perf
1406 18:04:48 compiler_gym.util.executor] Jobs completed = 5 of 40 ...
1406 18:04:48 compiler_gym.util.executor] Jobs completed = 6 of 40 ...
1406 18:04:48 compiler_gym.util.executor] Jobs completed = 7 of 40 ...
1406 18:04:48 compiler_gym.util.executor] Jobs completed = 8 of 40 ...
1406 18:04:48 llvm_autotuning.experiment] Autotuner failed on benchmark benchmark://hpctoolkit-cpu-v0/conv2d: Reward space not found: perf
1406 18:04:48 compiler_gym.util.executor] Jobs completed = 9 of 40 ...
1406 18:04:48 compiler_gym.util.executor] Jobs completed = 10 of 40 ...
1406 18:04:48 compiler_gym.util.executor] Jobs completed = 11 of 40 ...
1406 18:04:48 compiler_gym.util.executor] Jobs completed = 12 of 40 ...
1406 18:04:48 llvm_autotuning.experiment] Autotuner failed on benchmark benchmark://hpctoolkit-cpu-v0/conv2d: Reward space not found: perf
1406 18:04:48 llvm_autotuning.experiment] Autotuner failed on benchmark benchmark://hpctoolkit-cpu-v0/conv2d: Reward space not found: perf
1406 18:04:48 compiler_gym.util.executor] Jobs completed = 13 of 40 ...
1406 18:04:48 compiler_gym.util.executor] Jobs completed = 14 of 40 ...
1406 18:04:48 compiler_gym.util.executor] Jobs completed = 15 of 40 ...
1406 18:04:48 compiler_gym.util.executor] Jobs completed = 16 of 40 ...
1406 18:04:48 llvm_autotuning.experiment] Autotuner failed on benchmark benchmark://hpctoolkit-cpu-v0/conv2d: Reward space not found: perf
1406 18:04:48 compiler_gym.util.executor] Jobs completed = 17 of 40 ...
1406 18:04:48 compiler_gym.util.executor] Jobs completed = 18 of 40 ...
1406 18:04:48 compiler_gym.util.executor] Jobs completed = 19 of 40 ...
1406 18:04:48 compiler_gym.util.executor] Jobs completed = 20 of 40 ...
1406 18:04:48 compiler_gym.util.executor] Jobs completed = 21 of 40 ...
1406 18:04:48 compiler_gym.util.executor] Jobs completed = 22 of 40 ...
1406 18:04:48 compiler_gym.util.executor] Jobs completed = 23 of 40 ...
1406 18:04:48 compiler_gym.util.executor] Jobs completed = 24 of 40 ...
1406 18:04:48 llvm_autotuning.experiment] Autotuner failed on benchmark benchmark://hpctoolkit-cpu-v0/conv2d: Reward space not found: perf
1406 18:04:48 llvm_autotuning.experiment] Autotuner failed on benchmark benchmark://hpctoolkit-cpu-v0/conv2d: Reward space not found: perf
1406 18:04:48 compiler_gym.util.executor] Jobs completed = 25 of 40 ...
1406 18:04:48 compiler_gym.util.executor] Jobs completed = 26 of 40 ...
1406 18:04:48 compiler_gym.util.executor] Jobs completed = 27 of 40 ...
1406 18:04:48 compiler_gym.util.executor] Jobs completed = 28 of 40 ...
1406 18:04:48 compiler_gym.util.executor] Jobs completed = 29 of 40 ...
1406 18:04:48 compiler_gym.util.executor] Jobs completed = 30 of 40 ...
1406 18:04:48 compiler_gym.util.executor] Jobs completed = 31 of 40 ...
1406 18:04:48 compiler_gym.util.executor] Jobs completed = 32 of 40 ...
1406 18:04:48 compiler_gym.util.executor] Jobs completed = 33 of 40 ...
1406 18:04:48 compiler_gym.util.executor] Jobs completed = 34 of 40 ...
1406 18:04:48 compiler_gym.util.executor] Jobs completed = 35 of 40 ...
1406 18:04:48 compiler_gym.util.executor] Jobs completed = 36 of 40 ...
1406 18:04:48 llvm_autotuning.experiment] Autotuner failed on benchmark benchmark://hpctoolkit-cpu-v0/conv2d: Reward space not found: perf
1406 18:04:48 compiler_gym.util.executor] Jobs completed = 37 of 40 ...
1406 18:04:48 compiler_gym.util.executor] Jobs completed = 38 of 40 ...
1406 18:04:48 compiler_gym.util.executor] Jobs completed = 39 of 40 ...
1406 18:04:48 compiler_gym.util.executor] Jobs completed = 40 of 40 ...
1406 18:04:48 compiler_gym.util.executor] All done.
