1722 14:03:21 llvm_autotuning.experiment] Wrote /home/dx4/tools/compiler2/results/nevergrad-perf/2022-03-22/14-17-12/nevergrad-perf-C0/config.json
1722 14:03:21 compiler_gym.util.executor] Submitting job 1 to local ...
1722 14:03:21 compiler_gym.util.executor] Submitting job 2 to local ...
1722 14:03:21 compiler_gym.util.executor] Submitting job 3 to local ...
1722 14:03:21 compiler_gym.util.executor] Submitting job 4 to local ...
1722 14:03:21 compiler_gym.util.executor] Submitting job 5 to local ...
1722 14:03:21 compiler_gym.util.executor] Submitting job 6 to local ...
1722 14:03:21 compiler_gym.util.executor] Submitting job 7 to local ...
1722 14:03:21 compiler_gym.util.executor] Submitting job 8 to local ...
1722 14:03:21 compiler_gym.util.executor] Submitting job 9 to local ...
1722 14:03:21 compiler_gym.util.executor] Submitting job 10 to local ...
1722 14:03:21 compiler_gym.util.executor] Submitting job 11 to local ...
1722 14:03:21 compiler_gym.util.executor] Submitting job 12 to local ...
1722 14:03:21 compiler_gym.util.executor] Submitting job 13 to local ...
1722 14:03:21 compiler_gym.util.executor] Submitting job 14 to local ...
1722 14:03:21 compiler_gym.util.executor] Submitting job 15 to local ...
1722 14:03:21 compiler_gym.util.executor] Submitting job 16 to local ...
1722 14:03:21 compiler_gym.util.executor] Submitting job 17 to local ...
1722 14:03:21 compiler_gym.util.executor] Submitting job 18 to local ...
1722 14:03:21 compiler_gym.util.executor] Submitting job 19 to local ...
1722 14:03:21 compiler_gym.util.executor] Submitting job 20 to local ...
1722 14:03:21 compiler_gym.util.executor] Submitting job 21 to local ...
1722 14:03:21 compiler_gym.util.executor] Submitting job 22 to local ...
1722 14:03:21 compiler_gym.util.executor] Submitting job 23 to local ...
1722 14:03:21 compiler_gym.util.executor] Submitting job 24 to local ...
1722 14:03:21 compiler_gym.util.executor] Submitting job 25 to local ...
1722 14:03:21 compiler_gym.util.executor] Submitting job 26 to local ...
1722 14:03:21 compiler_gym.util.executor] Submitting job 27 to local ...
1722 14:03:21 compiler_gym.util.executor] Submitting job 28 to local ...
1722 14:03:21 compiler_gym.util.executor] Submitting job 29 to local ...
1722 14:03:21 compiler_gym.util.executor] Submitting job 30 to local ...
1722 14:03:21 compiler_gym.util.executor] Submitting job 31 to local ...
1722 14:03:21 compiler_gym.util.executor] Submitting job 32 to local ...
1722 14:03:21 compiler_gym.util.executor] Submitting job 33 to local ...
1722 14:03:21 compiler_gym.util.executor] Submitting job 34 to local ...
1722 14:03:21 compiler_gym.util.executor] Submitting job 35 to local ...
1722 14:03:21 compiler_gym.util.executor] Submitting job 36 to local ...
1722 14:03:21 compiler_gym.util.executor] Submitting job 37 to local ...
1722 14:03:21 compiler_gym.util.executor] Submitting job 38 to local ...
1722 14:03:21 compiler_gym.util.executor] Submitting job 39 to local ...
1722 14:03:21 compiler_gym.util.executor] Submitting job 40 to local ...
1722 14:03:21 compiler_gym.util.executor] Waiting for 40 local jobs to complete with job IDs: 1, 2, 3, 4, 5, 6, 7, 8 ...
1722 14:03:37 llvm_autotuning.experiment] State benchmark='benchmark://hpctoolkit-cpu-v0/simple_pow' commandline='opt -reassociate -div-rem-pairs input.bc -o output.bc' walltime=10.54642629623413 reward=0.9630833098409634
1722 14:03:37 llvm_autotuning.experiment] State benchmark='benchmark://hpctoolkit-cpu-v0/simple_pow' commandline='opt -add-discriminators -name-anon-globals input.bc -o output.bc' walltime=10.585628747940063 reward=0.8764464794059076
1722 14:03:38 llvm_autotuning.experiment] State benchmark='benchmark://hpctoolkit-cpu-v0/simple_pow' commandline='opt -redundant-dbg-inst-elim -simple-loop-unswitch input.bc -o output.bc' walltime=10.621495962142944 reward=0.9419096682470415
1722 14:03:38 llvm_autotuning.experiment] State benchmark='benchmark://hpctoolkit-cpu-v0/simple_pow' commandline='opt -nary-reassociate -instnamer input.bc -o output.bc' walltime=10.766729354858398 reward=1.2148907903354456
1722 14:03:38 llvm_autotuning.experiment] State benchmark='benchmark://hpctoolkit-cpu-v0/simple_pow' commandline='opt -sroa -indvars input.bc -o output.bc' walltime=10.70407485961914 reward=0.9350434369552387
1722 14:03:38 llvm_autotuning.experiment] State benchmark='benchmark://hpctoolkit-cpu-v0/simple_pow' commandline='opt -strip-dead-prototypes -add-discriminators input.bc -o output.bc' walltime=10.615960121154785 reward=1.0570621988138587
1722 14:03:38 llvm_autotuning.experiment] State benchmark='benchmark://hpctoolkit-cpu-v0/simple_pow' commandline='opt -break-crit-edges -newgvn input.bc -o output.bc' walltime=10.792956352233887 reward=1.1532353617595403
1722 14:03:38 llvm_autotuning.experiment] State benchmark='benchmark://hpctoolkit-cpu-v0/simple_pow' commandline='opt -functionattrs -loop-reroll input.bc -o output.bc' walltime=10.847389698028564 reward=1.341531911832386
1722 14:03:38 llvm_autotuning.experiment] State benchmark='benchmark://hpctoolkit-cpu-v0/simple_pow' commandline='opt -dse -correlated-propagation input.bc -o output.bc' walltime=10.857181549072266 reward=1.0311457799232657
1722 14:03:38 llvm_autotuning.experiment] State benchmark='benchmark://hpctoolkit-cpu-v0/simple_pow' commandline='opt -ipsccp -loop-sink input.bc -o output.bc' walltime=10.866351842880249 reward=1.0023676133068982
1722 14:03:38 llvm_autotuning.experiment] State benchmark='benchmark://hpctoolkit-cpu-v0/nanosleep' commandline='opt -strip-dead-prototypes -add-discriminators input.bc -o output.bc' walltime=10.77932333946228 reward=1.0291749144985811
1722 14:03:39 llvm_autotuning.experiment] State benchmark='benchmark://hpctoolkit-cpu-v0/nanosleep' commandline='opt -loop-predication -sccp input.bc -o output.bc' walltime=10.663185119628906 reward=0.8620101229426854
1722 14:03:39 llvm_autotuning.experiment] State benchmark='benchmark://hpctoolkit-cpu-v0/nanosleep' commandline='opt -coro-split -loop-reroll input.bc -o output.bc' walltime=10.959875583648682 reward=0.9534788914777818
1722 14:03:39 llvm_autotuning.experiment] State benchmark='benchmark://hpctoolkit-cpu-v0/nanosleep' commandline='opt -gvn-hoist -aggressive-instcombine input.bc -o output.bc' walltime=10.80972146987915 reward=1.1441315471132094
1722 14:03:39 llvm_autotuning.experiment] State benchmark='benchmark://hpctoolkit-cpu-v0/nanosleep' commandline='opt -lower-guard-intrinsic -constprop input.bc -o output.bc' walltime=10.67626667022705 reward=1.067327555844543
1722 14:03:39 llvm_autotuning.experiment] State benchmark='benchmark://hpctoolkit-cpu-v0/nanosleep' commandline='opt -alignment-from-assumptions -sroa input.bc -o output.bc' walltime=10.932771921157837 reward=1.0199324574291544
1722 14:03:39 llvm_autotuning.experiment] State benchmark='benchmark://hpctoolkit-cpu-v0/nanosleep' commandline='opt -libcalls-shrinkwrap -guard-widening input.bc -o output.bc' walltime=10.768137693405151 reward=1.0344760186889919
1722 14:03:39 llvm_autotuning.experiment] State benchmark='benchmark://hpctoolkit-cpu-v0/nanosleep' commandline='opt -lowerinvoke -instsimplify input.bc -o output.bc' walltime=11.127881050109863 reward=0.8359110413833566
1722 14:03:39 llvm_autotuning.experiment] State benchmark='benchmark://hpctoolkit-cpu-v0/nanosleep' commandline='opt -elim-avail-extern -lcssa input.bc -o output.bc' walltime=11.249621152877808 reward=0.8640516085365831
1722 14:03:39 llvm_autotuning.experiment] State benchmark='benchmark://hpctoolkit-cpu-v0/nanosleep' commandline='opt -inject-tli-mappings -float2int input.bc -o output.bc' walltime=10.887936115264893 reward=0.9155818577726518
1722 14:03:43 llvm_autotuning.experiment] State benchmark='benchmark://hpctoolkit-cpu-v0/offsets1' commandline='opt -alignment-from-assumptions -sroa input.bc -o output.bc' walltime=12.475752353668213 reward=1.000524474126715
1722 14:03:43 llvm_autotuning.experiment] State benchmark='benchmark://hpctoolkit-cpu-v0/offsets1' commandline='opt -add-discriminators -add-discriminators input.bc -o output.bc' walltime=12.293913841247559 reward=1.0008092959567394
1722 14:03:43 llvm_autotuning.experiment] State benchmark='benchmark://hpctoolkit-cpu-v0/offsets1' commandline='opt -reassociate -float2int input.bc -o output.bc' walltime=12.448891162872314 reward=1.000270580213427
1722 14:03:43 llvm_autotuning.experiment] State benchmark='benchmark://hpctoolkit-cpu-v0/offsets1' commandline='opt -redundant-dbg-inst-elim -div-rem-pairs input.bc -o output.bc' walltime=12.609221935272217 reward=1.000264596694029
1722 14:03:44 llvm_autotuning.experiment] State benchmark='benchmark://hpctoolkit-cpu-v0/offsets1' commandline='opt -add-discriminators -add-discriminators input.bc -o output.bc' walltime=12.399661302566528 reward=1.002853339602725
1722 14:03:44 llvm_autotuning.experiment] State benchmark='benchmark://hpctoolkit-cpu-v0/offsets1' commandline='opt -add-discriminators -add-discriminators input.bc -o output.bc' walltime=12.643356084823608 reward=1.005272988318792
1722 14:03:44 llvm_autotuning.experiment] State benchmark='benchmark://hpctoolkit-cpu-v0/offsets1' commandline='opt -deadargelim -lower-constant-intrinsics input.bc -o output.bc' walltime=12.446699857711792 reward=1.0001060864725675
1722 14:03:44 llvm_autotuning.experiment] State benchmark='benchmark://hpctoolkit-cpu-v0/offsets1' commandline='opt -break-crit-edges -mldst-motion input.bc -o output.bc' walltime=12.666424989700317 reward=1.0019810430713778
1722 14:03:44 llvm_autotuning.experiment] State benchmark='benchmark://hpctoolkit-cpu-v0/offsets1' commandline='opt -strip -loop-rotate input.bc -o output.bc' walltime=12.548971891403198 reward=1.0017910298720394
1722 14:03:44 llvm_autotuning.experiment] State benchmark='benchmark://hpctoolkit-cpu-v0/offsets1' commandline='opt -tailcallelim -sccp input.bc -o output.bc' walltime=12.71873927116394 reward=0.9983337989749369
1722 14:03:52 llvm_autotuning.experiment] State benchmark='benchmark://hpctoolkit-cpu-v0/conv2d' commandline='opt -partially-inline-libcalls -sink input.bc -o output.bc' walltime=14.391663074493408 reward=0.99827958240032
1722 14:03:52 llvm_autotuning.experiment] State benchmark='benchmark://hpctoolkit-cpu-v0/conv2d' commandline='opt -sink -lower-expect input.bc -o output.bc' walltime=14.115933418273926 reward=1.000332372978203
1722 14:03:52 llvm_autotuning.experiment] State benchmark='benchmark://hpctoolkit-cpu-v0/conv2d' commandline='opt -loop-unswitch -loop-rotate input.bc -o output.bc' walltime=14.116230726242065 reward=0.9961711852671512
1722 14:03:52 llvm_autotuning.experiment] State benchmark='benchmark://hpctoolkit-cpu-v0/conv2d' commandline='opt -sancov -div-rem-pairs input.bc -o output.bc' walltime=14.096888065338135 reward=0.997278233657432
1722 14:03:52 compiler_gym.util.executor] Jobs completed = 1 of 40 ...
1722 14:03:52 compiler_gym.util.executor] Jobs completed = 2 of 40 ...
1722 14:03:52 compiler_gym.util.executor] Jobs completed = 3 of 40 ...
1722 14:03:52 compiler_gym.util.executor] Jobs completed = 4 of 40 ...
1722 14:03:52 llvm_autotuning.experiment] State benchmark='benchmark://hpctoolkit-cpu-v0/conv2d' commandline='opt -alignment-from-assumptions -sroa input.bc -o output.bc' walltime=14.106406927108765 reward=1.0022970507280498
1722 14:03:52 llvm_autotuning.experiment] State benchmark='benchmark://hpctoolkit-cpu-v0/conv2d' commandline='opt -add-discriminators -add-discriminators input.bc -o output.bc' walltime=14.09961223602295 reward=1.0081210095339552
1722 14:03:52 llvm_autotuning.experiment] State benchmark='benchmark://hpctoolkit-cpu-v0/conv2d' commandline='opt -lower-guard-intrinsic -loop-data-prefetch input.bc -o output.bc' walltime=14.070908308029175 reward=1.0034444528281312
1722 14:03:52 llvm_autotuning.experiment] State benchmark='benchmark://hpctoolkit-cpu-v0/conv2d' commandline='opt -ipsccp -loop-sink input.bc -o output.bc' walltime=14.123222351074219 reward=0.9996296035904394
1722 14:03:52 llvm_autotuning.experiment] State benchmark='benchmark://hpctoolkit-cpu-v0/conv2d' commandline='opt -add-discriminators -add-discriminators input.bc -o output.bc' walltime=14.082424402236938 reward=1.0069079732866486
1722 14:03:52 llvm_autotuning.experiment] State benchmark='benchmark://hpctoolkit-cpu-v0/conv2d' commandline='opt -add-discriminators -constprop input.bc -o output.bc' walltime=14.093706369400024 reward=1.0107516607120663
1722 14:03:52 compiler_gym.util.executor] Jobs completed = 5 of 40 ...
1722 14:03:52 compiler_gym.util.executor] Jobs completed = 6 of 40 ...
1722 14:03:52 compiler_gym.util.executor] Jobs completed = 7 of 40 ...
1722 14:03:52 compiler_gym.util.executor] Jobs completed = 8 of 40 ...
1722 14:03:52 compiler_gym.util.executor] Jobs completed = 9 of 40 ...
1722 14:03:52 compiler_gym.util.executor] Jobs completed = 10 of 40 ...
1722 14:03:52 compiler_gym.util.executor] Jobs completed = 11 of 40 ...
1722 14:03:52 compiler_gym.util.executor] Jobs completed = 12 of 40 ...
1722 14:03:52 compiler_gym.util.executor] Jobs completed = 13 of 40 ...
1722 14:03:52 compiler_gym.util.executor] Jobs completed = 14 of 40 ...
1722 14:03:52 compiler_gym.util.executor] Jobs completed = 15 of 40 ...
1722 14:03:52 compiler_gym.util.executor] Jobs completed = 16 of 40 ...
1722 14:03:52 compiler_gym.util.executor] Jobs completed = 17 of 40 ...
1722 14:03:52 compiler_gym.util.executor] Jobs completed = 18 of 40 ...
1722 14:03:52 compiler_gym.util.executor] Jobs completed = 19 of 40 ...
1722 14:03:52 compiler_gym.util.executor] Jobs completed = 20 of 40 ...
1722 14:03:52 compiler_gym.util.executor] Jobs completed = 21 of 40 ...
1722 14:03:52 compiler_gym.util.executor] Jobs completed = 22 of 40 ...
1722 14:03:52 compiler_gym.util.executor] Jobs completed = 23 of 40 ...
1722 14:03:52 compiler_gym.util.executor] Jobs completed = 24 of 40 ...
1722 14:03:52 compiler_gym.util.executor] Jobs completed = 25 of 40 ...
1722 14:03:52 compiler_gym.util.executor] Jobs completed = 26 of 40 ...
1722 14:03:52 compiler_gym.util.executor] Jobs completed = 27 of 40 ...
1722 14:03:52 compiler_gym.util.executor] Jobs completed = 28 of 40 ...
1722 14:03:52 compiler_gym.util.executor] Jobs completed = 29 of 40 ...
1722 14:03:52 compiler_gym.util.executor] Jobs completed = 30 of 40 ...
1722 14:03:52 compiler_gym.util.executor] Jobs completed = 31 of 40 ...
1722 14:03:52 compiler_gym.util.executor] Jobs completed = 32 of 40 ...
1722 14:03:52 compiler_gym.util.executor] Jobs completed = 33 of 40 ...
1722 14:03:52 compiler_gym.util.executor] Jobs completed = 34 of 40 ...
1722 14:03:52 compiler_gym.util.executor] Jobs completed = 35 of 40 ...
1722 14:03:52 compiler_gym.util.executor] Jobs completed = 36 of 40 ...
1722 14:03:52 compiler_gym.util.executor] Jobs completed = 37 of 40 ...
1722 14:03:52 compiler_gym.util.executor] Jobs completed = 38 of 40 ...
1722 14:03:52 compiler_gym.util.executor] Jobs completed = 39 of 40 ...
1722 14:03:52 compiler_gym.util.executor] Jobs completed = 40 of 40 ...
1722 14:03:52 compiler_gym.util.executor] All done.
