3320 18:03:54 llvm_autotuning.experiment] Wrote /home/dx4/tools/compiler2/results/nevergrad-perf/2022-03-20/18-33-54/nevergrad-perf-C0/config.json
3320 18:03:55 compiler_gym.util.executor] Submitting job 1 to local ...
3320 18:03:55 compiler_gym.util.executor] Submitting job 2 to local ...
3320 18:03:55 compiler_gym.util.executor] Submitting job 3 to local ...
3320 18:03:55 compiler_gym.util.executor] Submitting job 4 to local ...
3320 18:03:55 compiler_gym.util.executor] Submitting job 5 to local ...
3320 18:03:55 compiler_gym.util.executor] Submitting job 6 to local ...
3320 18:03:55 compiler_gym.util.executor] Submitting job 7 to local ...
3320 18:03:55 compiler_gym.util.executor] Submitting job 8 to local ...
3320 18:03:55 compiler_gym.util.executor] Submitting job 9 to local ...
3320 18:03:55 compiler_gym.util.executor] Submitting job 10 to local ...
3320 18:03:55 compiler_gym.util.executor] Submitting job 11 to local ...
3320 18:03:55 compiler_gym.util.executor] Submitting job 12 to local ...
3320 18:03:55 compiler_gym.util.executor] Submitting job 13 to local ...
3320 18:03:55 compiler_gym.util.executor] Submitting job 14 to local ...
3320 18:03:55 compiler_gym.util.executor] Submitting job 15 to local ...
3320 18:03:55 compiler_gym.util.executor] Submitting job 16 to local ...
3320 18:03:55 compiler_gym.util.executor] Submitting job 17 to local ...
3320 18:03:55 compiler_gym.util.executor] Submitting job 18 to local ...
3320 18:03:55 compiler_gym.util.executor] Submitting job 19 to local ...
3320 18:03:55 compiler_gym.util.executor] Submitting job 20 to local ...
3320 18:03:55 compiler_gym.util.executor] Submitting job 21 to local ...
3320 18:03:55 compiler_gym.util.executor] Submitting job 22 to local ...
3320 18:03:55 compiler_gym.util.executor] Submitting job 23 to local ...
3320 18:03:55 compiler_gym.util.executor] Submitting job 24 to local ...
3320 18:03:55 compiler_gym.util.executor] Submitting job 25 to local ...
3320 18:03:55 compiler_gym.util.executor] Submitting job 26 to local ...
3320 18:03:55 compiler_gym.util.executor] Submitting job 27 to local ...
3320 18:03:55 compiler_gym.util.executor] Submitting job 28 to local ...
3320 18:03:55 compiler_gym.util.executor] Submitting job 29 to local ...
3320 18:03:55 compiler_gym.util.executor] Submitting job 30 to local ...
3320 18:03:55 compiler_gym.util.executor] Submitting job 31 to local ...
3320 18:03:55 compiler_gym.util.executor] Submitting job 32 to local ...
3320 18:03:55 compiler_gym.util.executor] Submitting job 33 to local ...
3320 18:03:55 compiler_gym.util.executor] Submitting job 34 to local ...
3320 18:03:55 compiler_gym.util.executor] Submitting job 35 to local ...
3320 18:03:55 compiler_gym.util.executor] Submitting job 36 to local ...
3320 18:03:55 compiler_gym.util.executor] Submitting job 37 to local ...
3320 18:03:55 compiler_gym.util.executor] Submitting job 38 to local ...
3320 18:03:55 compiler_gym.util.executor] Submitting job 39 to local ...
3320 18:03:55 compiler_gym.util.executor] Submitting job 40 to local ...
3320 18:03:55 compiler_gym.util.executor] Waiting for 40 local jobs to complete with job IDs: 1, 2, 3, 4, 5, 6, 7, 8 ...
3320 18:03:57 llvm_autotuning.experiment] Autotuner failed on benchmark benchmark://poj104-v0/2/11: 'utf-8' codec can't decode byte 0x81 in position 0: invalid start byte
3320 18:03:57 llvm_autotuning.experiment] Autotuner failed on benchmark benchmark://poj104-v0/2/11: 'utf-8' codec can't decode byte 0x81 in position 0: invalid start byte
3320 18:03:57 llvm_autotuning.experiment] Autotuner failed on benchmark benchmark://poj104-v0/2/11: 'utf-8' codec can't decode byte 0x81 in position 0: invalid start byte
3320 18:03:57 llvm_autotuning.experiment] Autotuner failed on benchmark benchmark://poj104-v0/2/11: 'utf-8' codec can't decode byte 0x81 in position 0: invalid start byte
3320 18:03:57 llvm_autotuning.experiment] Autotuner failed on benchmark benchmark://poj104-v0/2/11: 'utf-8' codec can't decode byte 0x81 in position 0: invalid start byte
3320 18:03:57 llvm_autotuning.experiment] Autotuner failed on benchmark benchmark://poj104-v0/2/11: 'utf-8' codec can't decode byte 0x81 in position 0: invalid start byte
3320 18:03:57 llvm_autotuning.experiment] Autotuner failed on benchmark benchmark://poj104-v0/2/11: 'utf-8' codec can't decode byte 0x81 in position 0: invalid start byte
3320 18:03:57 llvm_autotuning.experiment] Autotuner failed on benchmark benchmark://poj104-v0/2/11: 'utf-8' codec can't decode byte 0x81 in position 0: invalid start byte
3320 18:03:57 llvm_autotuning.experiment] Autotuner failed on benchmark benchmark://poj104-v0/2/11: 'utf-8' codec can't decode byte 0x81 in position 0: invalid start byte
3320 18:03:57 llvm_autotuning.experiment] Autotuner failed on benchmark benchmark://poj104-v0/2/11: 'utf-8' codec can't decode byte 0x81 in position 0: invalid start byte
3420 18:03:11 llvm_autotuning.experiment] State benchmark='benchmark://poj104-v0/1/13' commandline='opt -rewrite-statepoints-for-gc -inject-tli-mappings input.bc -o output.bc' walltime=10.501482248306274 reward=1.1398891754195453
3420 18:03:11 llvm_autotuning.experiment] State benchmark='benchmark://poj104-v0/1/17' commandline='opt -add-discriminators -add-discriminators input.bc -o output.bc' walltime=10.684837818145752 reward=1.0262516666529775
3420 18:03:11 llvm_autotuning.experiment] State benchmark='benchmark://poj104-v0/1/13' commandline='opt -mergeicmps -infer-address-spaces input.bc -o output.bc' walltime=10.541259765625 reward=1.1225746458921684
3420 18:03:12 llvm_autotuning.experiment] State benchmark='benchmark://poj104-v0/1/17' commandline='opt -globaldce -sancov input.bc -o output.bc' walltime=10.83224368095398 reward=0.6086527731101969
3420 18:03:12 llvm_autotuning.experiment] State benchmark='benchmark://poj104-v0/2/5' commandline='opt -mergeicmps -irce input.bc -o output.bc' walltime=10.802778244018555 reward=0.6399543915886617
3420 18:03:12 llvm_autotuning.experiment] State benchmark='benchmark://poj104-v0/1/17' commandline='opt -loop-deletion -loop-instsimplify input.bc -o output.bc' walltime=10.524060487747192 reward=0.7601605052257515
3420 18:03:13 llvm_autotuning.experiment] State benchmark='benchmark://poj104-v0/1/17' commandline='opt -add-discriminators -add-discriminators input.bc -o output.bc' walltime=10.788835525512695 reward=1.141361648334426
3420 18:03:13 llvm_autotuning.experiment] State benchmark='benchmark://poj104-v0/2/5' commandline='opt -libcalls-shrinkwrap -globalsplit input.bc -o output.bc' walltime=10.788187980651855 reward=1.3843481418417443
3420 18:03:13 llvm_autotuning.experiment] State benchmark='benchmark://poj104-v0/1/13' commandline='opt -simple-loop-unswitch -simple-loop-unswitch input.bc -o output.bc' walltime=10.817232847213745 reward=1.0833466906122704
3420 18:03:13 llvm_autotuning.experiment] State benchmark='benchmark://poj104-v0/2/5' commandline='opt -reassociate -lower-matrix-intrinsics input.bc -o output.bc' walltime=10.987952470779419 reward=1.0455044253280608
3420 18:03:13 llvm_autotuning.experiment] State benchmark='benchmark://poj104-v0/1/17' commandline='opt -alignment-from-assumptions -sroa input.bc -o output.bc' walltime=11.28398847579956 reward=0.737992856508402
3420 18:03:13 llvm_autotuning.experiment] State benchmark='benchmark://poj104-v0/2/5' commandline='opt -insert-gcov-profiling -correlated-propagation input.bc -o output.bc' walltime=10.81314992904663 reward=0.8754225504161565
3420 18:03:13 llvm_autotuning.experiment] State benchmark='benchmark://poj104-v0/1/13' commandline='opt -loop-sink -loop-versioning input.bc -o output.bc' walltime=10.743118047714233 reward=1.105573448442298
3420 18:03:13 llvm_autotuning.experiment] State benchmark='benchmark://poj104-v0/1/13' commandline='opt -hotcoldsplit -mem2reg input.bc -o output.bc' walltime=11.260212898254395 reward=0.7350604278221887
3420 18:03:13 llvm_autotuning.experiment] State benchmark='benchmark://poj104-v0/1/13' commandline='opt -early-cse -loop-distribute input.bc -o output.bc' walltime=11.360281467437744 reward=0.9271934639246561
3420 18:03:13 llvm_autotuning.experiment] State benchmark='benchmark://poj104-v0/2/5' commandline='opt -loop-interchange -deadargelim input.bc -o output.bc' walltime=11.330411911010742 reward=0.8052801442484346
3420 18:03:13 llvm_autotuning.experiment] State benchmark='benchmark://poj104-v0/1/13' commandline='opt -loop-idiom -rpo-functionattrs input.bc -o output.bc' walltime=10.755579471588135 reward=0.8093171718635302
3420 18:03:13 llvm_autotuning.experiment] State benchmark='benchmark://poj104-v0/2/5' commandline='opt -deadargelim -infer-address-spaces input.bc -o output.bc' walltime=11.435889959335327 reward=0.8313126663486886
3420 18:03:13 llvm_autotuning.experiment] State benchmark='benchmark://poj104-v0/1/13' commandline='opt -loop-interchange -deadargelim input.bc -o output.bc' walltime=11.338046073913574 reward=1.3976498114761553
3420 18:03:13 llvm_autotuning.experiment] State benchmark='benchmark://poj104-v0/1/13' commandline='opt -sroa -float2int input.bc -o output.bc' walltime=10.815617799758911 reward=0.5084767121253848
3420 18:03:13 llvm_autotuning.experiment] State benchmark='benchmark://poj104-v0/1/17' commandline='opt -coro-split -loop-reroll input.bc -o output.bc' walltime=10.985733985900879 reward=0.9771566808182992
3420 18:03:13 llvm_autotuning.experiment] State benchmark='benchmark://poj104-v0/1/17' commandline='opt -ipsccp -early-cse-memssa input.bc -o output.bc' walltime=11.32706069946289 reward=1.0240575644867955
3420 18:03:13 llvm_autotuning.experiment] State benchmark='benchmark://poj104-v0/1/17' commandline='opt -sccp -globaldce input.bc -o output.bc' walltime=10.717499017715454 reward=0.9605000701054339
3420 18:03:13 llvm_autotuning.experiment] State benchmark='benchmark://poj104-v0/1/13' commandline='opt -slsr -early-cse-memssa input.bc -o output.bc' walltime=10.72691297531128 reward=1.1054432961442076
3420 18:03:13 compiler_gym.util.executor] Jobs completed = 1 of 40 ...
3420 18:03:13 llvm_autotuning.experiment] State benchmark='benchmark://poj104-v0/2/5' commandline='opt -add-discriminators -inferattrs input.bc -o output.bc' walltime=11.157217264175415 reward=1.4610341129408422
3420 18:03:13 llvm_autotuning.experiment] State benchmark='benchmark://poj104-v0/2/5' commandline='opt -add-discriminators -always-inline input.bc -o output.bc' walltime=11.368835687637329 reward=1.490270679900085
3420 18:03:13 llvm_autotuning.experiment] State benchmark='benchmark://poj104-v0/2/5' commandline='opt -elim-avail-extern -alignment-from-assumptions input.bc -o output.bc' walltime=11.277655601501465 reward=1.104918810256327
3420 18:03:13 llvm_autotuning.experiment] State benchmark='benchmark://poj104-v0/1/17' commandline='opt -sancov -div-rem-pairs input.bc -o output.bc' walltime=11.346747636795044 reward=1.0301159854483202
3420 18:03:13 compiler_gym.util.executor] Jobs completed = 2 of 40 ...
3420 18:03:13 compiler_gym.util.executor] Jobs completed = 3 of 40 ...
3420 18:03:13 compiler_gym.util.executor] Jobs completed = 4 of 40 ...
3420 18:03:13 compiler_gym.util.executor] Jobs completed = 5 of 40 ...
3420 18:03:13 compiler_gym.util.executor] Jobs completed = 6 of 40 ...
3420 18:03:13 compiler_gym.util.executor] Jobs completed = 7 of 40 ...
3420 18:03:13 compiler_gym.util.executor] Jobs completed = 8 of 40 ...
3420 18:03:13 compiler_gym.util.executor] Jobs completed = 9 of 40 ...
3420 18:03:13 llvm_autotuning.experiment] State benchmark='benchmark://poj104-v0/2/5' commandline='opt -consthoist -loop-instsimplify input.bc -o output.bc' walltime=11.07460069656372 reward=1.0367922215727248
3420 18:03:13 llvm_autotuning.experiment] State benchmark='benchmark://poj104-v0/1/17' commandline='opt -licm -early-cse-memssa input.bc -o output.bc' walltime=11.236636638641357 reward=1.2797596052346876
3420 18:03:13 compiler_gym.util.executor] Jobs completed = 10 of 40 ...
3420 18:03:13 compiler_gym.util.executor] Jobs completed = 11 of 40 ...
3420 18:03:13 compiler_gym.util.executor] Jobs completed = 12 of 40 ...
3420 18:03:13 compiler_gym.util.executor] Jobs completed = 13 of 40 ...
3420 18:03:13 compiler_gym.util.executor] Jobs completed = 14 of 40 ...
3420 18:03:13 compiler_gym.util.executor] Jobs completed = 15 of 40 ...
3420 18:03:13 compiler_gym.util.executor] Jobs completed = 16 of 40 ...
3420 18:03:13 compiler_gym.util.executor] Jobs completed = 17 of 40 ...
3420 18:03:13 compiler_gym.util.executor] Jobs completed = 18 of 40 ...
3420 18:03:13 compiler_gym.util.executor] Jobs completed = 19 of 40 ...
3420 18:03:13 compiler_gym.util.executor] Jobs completed = 20 of 40 ...
3420 18:03:13 compiler_gym.util.executor] Jobs completed = 21 of 40 ...
3420 18:03:13 compiler_gym.util.executor] Jobs completed = 22 of 40 ...
3420 18:03:13 compiler_gym.util.executor] Jobs completed = 23 of 40 ...
3420 18:03:13 compiler_gym.util.executor] Jobs completed = 24 of 40 ...
3420 18:03:13 compiler_gym.util.executor] Jobs completed = 25 of 40 ...
3420 18:03:13 compiler_gym.util.executor] Jobs completed = 26 of 40 ...
3420 18:03:13 compiler_gym.util.executor] Jobs completed = 27 of 40 ...
3420 18:03:13 compiler_gym.util.executor] Jobs completed = 28 of 40 ...
3420 18:03:13 compiler_gym.util.executor] Jobs completed = 29 of 40 ...
3420 18:03:13 compiler_gym.util.executor] Jobs completed = 30 of 40 ...
3420 18:03:13 compiler_gym.util.executor] Jobs completed = 31 of 40 ...
3420 18:03:13 compiler_gym.util.executor] Jobs completed = 32 of 40 ...
3420 18:03:13 compiler_gym.util.executor] Jobs completed = 33 of 40 ...
3420 18:03:13 compiler_gym.util.executor] Jobs completed = 34 of 40 ...
3420 18:03:13 compiler_gym.util.executor] Jobs completed = 35 of 40 ...
3420 18:03:13 compiler_gym.util.executor] Jobs completed = 36 of 40 ...
3420 18:03:13 compiler_gym.util.executor] Jobs completed = 37 of 40 ...
3420 18:03:13 compiler_gym.util.executor] Jobs completed = 38 of 40 ...
3420 18:03:13 compiler_gym.util.executor] Jobs completed = 39 of 40 ...
3420 18:03:13 compiler_gym.util.executor] Jobs completed = 40 of 40 ...
3420 18:03:13 compiler_gym.util.executor] All done.
