4120 18:03:48 llvm_autotuning.experiment] Wrote /home/dx4/tools/compiler2/results/greedy-perf/2022-03-20/18-41-48/greedy-perf-C0/config.json
4120 18:03:49 compiler_gym.util.executor] Submitting job 1 to local ...
4120 18:03:49 compiler_gym.util.executor] Submitting job 2 to local ...
4120 18:03:49 compiler_gym.util.executor] Submitting job 3 to local ...
4120 18:03:49 compiler_gym.util.executor] Submitting job 4 to local ...
4120 18:03:49 compiler_gym.util.executor] Submitting job 5 to local ...
4120 18:03:49 compiler_gym.util.executor] Submitting job 6 to local ...
4120 18:03:49 compiler_gym.util.executor] Submitting job 7 to local ...
4120 18:03:49 compiler_gym.util.executor] Submitting job 8 to local ...
4120 18:03:49 compiler_gym.util.executor] Submitting job 9 to local ...
4120 18:03:49 compiler_gym.util.executor] Submitting job 10 to local ...
4120 18:03:49 compiler_gym.util.executor] Submitting job 11 to local ...
4120 18:03:49 compiler_gym.util.executor] Submitting job 12 to local ...
4120 18:03:49 compiler_gym.util.executor] Submitting job 13 to local ...
4120 18:03:49 compiler_gym.util.executor] Submitting job 14 to local ...
4120 18:03:49 compiler_gym.util.executor] Submitting job 15 to local ...
4120 18:03:49 compiler_gym.util.executor] Submitting job 16 to local ...
4120 18:03:49 compiler_gym.util.executor] Submitting job 17 to local ...
4120 18:03:49 compiler_gym.util.executor] Submitting job 18 to local ...
4120 18:03:49 compiler_gym.util.executor] Submitting job 19 to local ...
4120 18:03:49 compiler_gym.util.executor] Submitting job 20 to local ...
4120 18:03:49 compiler_gym.util.executor] Submitting job 21 to local ...
4120 18:03:49 compiler_gym.util.executor] Submitting job 22 to local ...
4120 18:03:49 compiler_gym.util.executor] Submitting job 23 to local ...
4120 18:03:49 compiler_gym.util.executor] Submitting job 24 to local ...
4120 18:03:49 compiler_gym.util.executor] Submitting job 25 to local ...
4120 18:03:49 compiler_gym.util.executor] Submitting job 26 to local ...
4120 18:03:49 compiler_gym.util.executor] Submitting job 27 to local ...
4120 18:03:49 compiler_gym.util.executor] Submitting job 28 to local ...
4120 18:03:49 compiler_gym.util.executor] Submitting job 29 to local ...
4120 18:03:49 compiler_gym.util.executor] Submitting job 30 to local ...
4120 18:03:49 compiler_gym.util.executor] Submitting job 31 to local ...
4120 18:03:49 compiler_gym.util.executor] Submitting job 32 to local ...
4120 18:03:49 compiler_gym.util.executor] Submitting job 33 to local ...
4120 18:03:49 compiler_gym.util.executor] Submitting job 34 to local ...
4120 18:03:49 compiler_gym.util.executor] Submitting job 35 to local ...
4120 18:03:49 compiler_gym.util.executor] Submitting job 36 to local ...
4120 18:03:49 compiler_gym.util.executor] Submitting job 37 to local ...
4120 18:03:49 compiler_gym.util.executor] Submitting job 38 to local ...
4120 18:03:49 compiler_gym.util.executor] Submitting job 39 to local ...
4120 18:03:49 compiler_gym.util.executor] Submitting job 40 to local ...
4120 18:03:49 compiler_gym.util.executor] Waiting for 40 local jobs to complete with job IDs: 1, 2, 3, 4, 5, 6, 7, 8 ...
4120 18:03:51 llvm_autotuning.experiment] Autotuner failed on benchmark benchmark://poj104-v0/2/11: 'utf-8' codec can't decode byte 0x81 in position 0: invalid start byte
4120 18:03:51 llvm_autotuning.experiment] Autotuner failed on benchmark benchmark://poj104-v0/2/11: 'utf-8' codec can't decode byte 0x81 in position 0: invalid start byte
4120 18:03:51 llvm_autotuning.experiment] Autotuner failed on benchmark benchmark://poj104-v0/2/11: 'utf-8' codec can't decode byte 0x81 in position 0: invalid start byte
4120 18:03:52 llvm_autotuning.experiment] Autotuner failed on benchmark benchmark://poj104-v0/2/11: 'utf-8' codec can't decode byte 0x81 in position 0: invalid start byte
4120 18:03:52 llvm_autotuning.experiment] Autotuner failed on benchmark benchmark://poj104-v0/2/11: 'utf-8' codec can't decode byte 0x81 in position 0: invalid start byte
4120 18:03:52 llvm_autotuning.experiment] Autotuner failed on benchmark benchmark://poj104-v0/2/11: 'utf-8' codec can't decode byte 0x81 in position 0: invalid start byte
4120 18:03:52 llvm_autotuning.experiment] Autotuner failed on benchmark benchmark://poj104-v0/2/11: 'utf-8' codec can't decode byte 0x81 in position 0: invalid start byte
4120 18:03:52 llvm_autotuning.experiment] Autotuner failed on benchmark benchmark://poj104-v0/2/11: 'utf-8' codec can't decode byte 0x81 in position 0: invalid start byte
4120 18:03:52 llvm_autotuning.experiment] Autotuner failed on benchmark benchmark://poj104-v0/2/11: 'utf-8' codec can't decode byte 0x81 in position 0: invalid start byte
4120 18:03:52 llvm_autotuning.experiment] Autotuner failed on benchmark benchmark://poj104-v0/2/11: 'utf-8' codec can't decode byte 0x81 in position 0: invalid start byte
4120 18:03:56 llvm_autotuning.experiment] State benchmark='benchmark://poj104-v0/2/5' commandline='opt  input.bc -o output.bc' walltime=1.1863410472869873 reward=0.9867570091466107
4120 18:03:56 llvm_autotuning.experiment] State benchmark='benchmark://poj104-v0/2/5' commandline='opt  input.bc -o output.bc' walltime=1.5353214740753174 reward=0.8992104480792656
4120 18:03:57 llvm_autotuning.experiment] State benchmark='benchmark://poj104-v0/1/17' commandline='opt  input.bc -o output.bc' walltime=1.7848713397979736 reward=0.9396865991252099
4120 18:03:57 llvm_autotuning.experiment] State benchmark='benchmark://poj104-v0/1/17' commandline='opt  input.bc -o output.bc' walltime=1.1859006881713867 reward=1.175784090765
4120 18:03:57 llvm_autotuning.experiment] State benchmark='benchmark://poj104-v0/2/5' commandline='opt  input.bc -o output.bc' walltime=1.8132126331329346 reward=2.239705006290426
4120 18:03:57 llvm_autotuning.experiment] State benchmark='benchmark://poj104-v0/1/13' commandline='opt  input.bc -o output.bc' walltime=1.9674806594848633 reward=1.3314358834811204
4120 18:03:57 llvm_autotuning.experiment] State benchmark='benchmark://poj104-v0/2/5' commandline='opt  input.bc -o output.bc' walltime=1.8088819980621338 reward=1.6682755875068427
4120 18:03:57 llvm_autotuning.experiment] State benchmark='benchmark://poj104-v0/1/17' commandline='opt  input.bc -o output.bc' walltime=1.9892325401306152 reward=3.6074008242756688
4120 18:03:57 llvm_autotuning.experiment] State benchmark='benchmark://poj104-v0/1/17' commandline='opt  input.bc -o output.bc' walltime=1.8080427646636963 reward=1.0327420426990066
4120 18:03:57 llvm_autotuning.experiment] State benchmark='benchmark://poj104-v0/1/17' commandline='opt  input.bc -o output.bc' walltime=1.7839512825012207 reward=0.9838146087263375
4120 18:03:57 llvm_autotuning.experiment] State benchmark='benchmark://poj104-v0/1/17' commandline='opt  input.bc -o output.bc' walltime=1.8012497425079346 reward=2.217896606068348
4120 18:03:57 llvm_autotuning.experiment] State benchmark='benchmark://poj104-v0/1/13' commandline='opt  input.bc -o output.bc' walltime=1.476513147354126 reward=0.42313658058495174
4120 18:03:57 llvm_autotuning.experiment] State benchmark='benchmark://poj104-v0/1/13' commandline='opt  input.bc -o output.bc' walltime=1.792598009109497 reward=0.47661206486702895
4120 18:03:57 llvm_autotuning.experiment] State benchmark='benchmark://poj104-v0/1/13' commandline='opt  input.bc -o output.bc' walltime=1.4847807884216309 reward=0.5729826379912331
4120 18:03:57 llvm_autotuning.experiment] State benchmark='benchmark://poj104-v0/2/5' commandline='opt  input.bc -o output.bc' walltime=1.4902217388153076 reward=0.47746309890025834
4120 18:03:57 llvm_autotuning.experiment] State benchmark='benchmark://poj104-v0/1/13' commandline='opt  input.bc -o output.bc' walltime=1.9765222072601318 reward=1.1508863395454785
4120 18:03:58 llvm_autotuning.experiment] State benchmark='benchmark://poj104-v0/1/17' commandline='opt  input.bc -o output.bc' walltime=1.483586072921753 reward=1.0825775158949187
4120 18:03:58 llvm_autotuning.experiment] State benchmark='benchmark://poj104-v0/2/5' commandline='opt  input.bc -o output.bc' walltime=1.477074384689331 reward=0.8225968895696403
4120 18:03:58 llvm_autotuning.experiment] State benchmark='benchmark://poj104-v0/1/17' commandline='opt  input.bc -o output.bc' walltime=1.5003509521484375 reward=1.0595647008036828
4120 18:03:58 llvm_autotuning.experiment] State benchmark='benchmark://poj104-v0/1/13' commandline='opt  input.bc -o output.bc' walltime=1.6016778945922852 reward=0.7974018823660948
4120 18:03:58 llvm_autotuning.experiment] State benchmark='benchmark://poj104-v0/1/13' commandline='opt  input.bc -o output.bc' walltime=1.4667906761169434 reward=0.8997367697464594
4120 18:03:58 llvm_autotuning.experiment] State benchmark='benchmark://poj104-v0/1/17' commandline='opt  input.bc -o output.bc' walltime=1.5061676502227783 reward=0.8945629474815833
4120 18:03:58 llvm_autotuning.experiment] State benchmark='benchmark://poj104-v0/2/5' commandline='opt  input.bc -o output.bc' walltime=1.4924335479736328 reward=1.032389600846252
4120 18:03:58 llvm_autotuning.experiment] State benchmark='benchmark://poj104-v0/1/17' commandline='opt  input.bc -o output.bc' walltime=1.4821717739105225 reward=0.7295814283685066
4120 18:03:58 llvm_autotuning.experiment] State benchmark='benchmark://poj104-v0/2/5' commandline='opt  input.bc -o output.bc' walltime=1.0918655395507812 reward=0.6821595651376116
4120 18:03:58 llvm_autotuning.experiment] State benchmark='benchmark://poj104-v0/2/5' commandline='opt  input.bc -o output.bc' walltime=1.4862666130065918 reward=0.8658161144009071
4120 18:03:58 llvm_autotuning.experiment] State benchmark='benchmark://poj104-v0/1/13' commandline='opt  input.bc -o output.bc' walltime=1.4676780700683594 reward=0.7508431357434672
4120 18:03:58 llvm_autotuning.experiment] State benchmark='benchmark://poj104-v0/1/13' commandline='opt  input.bc -o output.bc' walltime=1.490001916885376 reward=0.8931520356785583
4120 18:03:58 compiler_gym.util.executor] Jobs completed = 1 of 40 ...
4120 18:03:58 compiler_gym.util.executor] Jobs completed = 2 of 40 ...
4120 18:03:58 compiler_gym.util.executor] Jobs completed = 3 of 40 ...
4120 18:03:58 compiler_gym.util.executor] Jobs completed = 4 of 40 ...
4120 18:03:58 compiler_gym.util.executor] Jobs completed = 5 of 40 ...
4120 18:03:58 compiler_gym.util.executor] Jobs completed = 6 of 40 ...
4120 18:03:58 compiler_gym.util.executor] Jobs completed = 7 of 40 ...
4120 18:03:58 compiler_gym.util.executor] Jobs completed = 8 of 40 ...
4120 18:03:58 compiler_gym.util.executor] Jobs completed = 9 of 40 ...
4120 18:03:58 compiler_gym.util.executor] Jobs completed = 10 of 40 ...
4120 18:03:58 compiler_gym.util.executor] Jobs completed = 11 of 40 ...
4120 18:03:58 compiler_gym.util.executor] Jobs completed = 12 of 40 ...
4120 18:03:58 compiler_gym.util.executor] Jobs completed = 13 of 40 ...
4120 18:03:58 compiler_gym.util.executor] Jobs completed = 14 of 40 ...
4120 18:03:58 compiler_gym.util.executor] Jobs completed = 15 of 40 ...
4120 18:03:58 compiler_gym.util.executor] Jobs completed = 16 of 40 ...
4120 18:03:58 compiler_gym.util.executor] Jobs completed = 17 of 40 ...
4120 18:03:58 compiler_gym.util.executor] Jobs completed = 18 of 40 ...
4120 18:03:58 compiler_gym.util.executor] Jobs completed = 19 of 40 ...
4120 18:03:58 compiler_gym.util.executor] Jobs completed = 20 of 40 ...
4120 18:03:58 compiler_gym.util.executor] Jobs completed = 21 of 40 ...
4120 18:03:58 compiler_gym.util.executor] Jobs completed = 22 of 40 ...
4120 18:03:58 llvm_autotuning.experiment] State benchmark='benchmark://poj104-v0/2/5' commandline='opt  input.bc -o output.bc' walltime=1.4764039516448975 reward=0.9937494519477256
4120 18:03:58 compiler_gym.util.executor] Jobs completed = 23 of 40 ...
4120 18:03:58 compiler_gym.util.executor] Jobs completed = 24 of 40 ...
4120 18:03:58 compiler_gym.util.executor] Jobs completed = 25 of 40 ...
4120 18:03:58 compiler_gym.util.executor] Jobs completed = 26 of 40 ...
4120 18:03:58 compiler_gym.util.executor] Jobs completed = 27 of 40 ...
4120 18:03:58 compiler_gym.util.executor] Jobs completed = 28 of 40 ...
4120 18:03:58 compiler_gym.util.executor] Jobs completed = 29 of 40 ...
4120 18:03:58 compiler_gym.util.executor] Jobs completed = 30 of 40 ...
4120 18:03:58 compiler_gym.util.executor] Jobs completed = 31 of 40 ...
4120 18:03:58 compiler_gym.util.executor] Jobs completed = 32 of 40 ...
4120 18:03:58 compiler_gym.util.executor] Jobs completed = 33 of 40 ...
4120 18:03:58 compiler_gym.util.executor] Jobs completed = 34 of 40 ...
4120 18:03:58 compiler_gym.util.executor] Jobs completed = 35 of 40 ...
4120 18:03:58 compiler_gym.util.executor] Jobs completed = 36 of 40 ...
4120 18:03:58 llvm_autotuning.experiment] State benchmark='benchmark://poj104-v0/1/13' commandline='opt  input.bc -o output.bc' walltime=1.460831880569458 reward=0.9776547272908108
4120 18:03:58 compiler_gym.util.executor] Jobs completed = 37 of 40 ...
4120 18:03:58 compiler_gym.util.executor] Jobs completed = 38 of 40 ...
4120 18:03:58 compiler_gym.util.executor] Jobs completed = 39 of 40 ...
4120 18:03:58 compiler_gym.util.executor] Jobs completed = 40 of 40 ...
4120 18:03:58 compiler_gym.util.executor] All done.
